<?xml version="1.0" encoding="UTF-8"?>
<testsuite name="weather_backend.LibraryTest" tests="1" skipped="0" failures="0" errors="0" timestamp="2025-06-02T19:14:36.999Z" hostname="JIHEE" time="0.016">
  <properties/>
  <testcase name="someLibraryMethodReturnsTrue()" classname="weather_backend.LibraryTest" time="0.016"/>
  <system-out><![CDATA[]]></system-out>
  <system-err><![CDATA[]]></system-err>
</testsuite>
